2026-02-22 23:28:13,715 [INFO] Watching: H:\World of Warcraft\_retail_\WTF\Account\SHADOWEDVACA2\SavedVariables
2026-02-22 23:28:13,715 [INFO] Target file: PATTSync.lua
2026-02-22 23:28:13,715 [INFO] API endpoint: https://pullallthething.com/api
2026-02-22 23:28:13,715 [INFO] Found existing SavedVariables file, checking for unuploaded data...
2026-02-22 23:28:14,749 [INFO] New export detected: 321 characters, exported at 2026-02-23T05:40:09Z
2026-02-22 23:28:15,582 [ERROR] Cannot connect to API at https://pullallthething.com/api — is the server running?
2026-02-22 23:29:37,280 [INFO] Shutting down...
2026-02-22 23:29:37,280 [INFO] Companion app stopped.
2026-02-22 23:29:39,508 [INFO] Watching: H:\World of Warcraft\_retail_\WTF\Account\SHADOWEDVACA2\SavedVariables
2026-02-22 23:29:39,510 [INFO] Target file: PATTSync.lua
2026-02-22 23:29:39,510 [INFO] API endpoint: https://pullallthethings.com/api
2026-02-22 23:29:39,510 [INFO] Found existing SavedVariables file, checking for unuploaded data...
2026-02-22 23:29:40,542 [INFO] New export detected: 321 characters, exported at 2026-02-23T05:40:09Z
2026-02-22 23:29:41,307 [INFO] HTTP Request: POST https://pullallthethings.com/api/guild-sync/addon-upload "HTTP/1.1 200 OK"
2026-02-22 23:29:41,308 [INFO] Upload successful: 321 characters processed
2026-02-22 23:30:35,730 [INFO] Shutting down...
2026-02-22 23:30:35,730 [INFO] Companion app stopped.
2026-02-25 14:53:56,889 [INFO] Watching: H:\World of Warcraft\_retail_\WTF\Account\SHADOWEDVACA2\SavedVariables
2026-02-25 14:53:56,889 [INFO] Target file: PATTSync.lua
2026-02-25 14:53:56,889 [INFO] API endpoint: https://pullallthethings.com/api
2026-02-25 14:53:56,890 [INFO] Found existing SavedVariables file, checking for unuploaded data...
2026-02-25 14:53:57,923 [INFO] New export detected: 321 characters, exported at 2026-02-25T08:03:13Z
2026-02-25 14:53:59,294 [INFO] HTTP Request: POST https://pullallthethings.com/api/guild-sync/addon-upload "HTTP/1.1 200 OK"
2026-02-25 14:53:59,295 [INFO] Upload successful: 321 characters processed
2026-02-25 14:54:03,564 [INFO] Shutting down...
2026-02-25 14:54:03,564 [INFO] Companion app stopped.
2026-02-25 15:01:56,902 [INFO] Watching: H:\World of Warcraft\_retail_\WTF\Account\SHADOWEDVACA2\SavedVariables
2026-02-25 15:01:56,902 [INFO] Target file: PATTSync.lua
2026-02-25 15:01:56,902 [INFO] API endpoint: https://pullallthethings.com/api
2026-02-25 15:01:56,903 [INFO] Found existing SavedVariables file, checking for unuploaded data...
2026-02-25 15:01:57,934 [INFO] New export detected: 321 characters, exported at 2026-02-25T08:03:13Z
2026-02-25 15:01:58,789 [INFO] HTTP Request: POST https://pullallthethings.com/api/guild-sync/addon-upload "HTTP/1.1 200 OK"
2026-02-25 15:01:58,790 [INFO] Upload successful: 321 characters processed
2026-02-25 15:06:05,616 [INFO] Shutting down...
2026-02-25 15:06:05,617 [INFO] Companion app stopped.
2026-02-25 15:06:08,204 [INFO] Watching: H:\World of Warcraft\_retail_\WTF\Account\SHADOWEDVACA2\SavedVariables
2026-02-25 15:06:08,204 [INFO] Target file: PATTSync.lua
2026-02-25 15:06:08,204 [INFO] API endpoint: https://pullallthethings.com/api
2026-02-25 15:06:08,204 [INFO] Found existing SavedVariables file, checking for unuploaded data...
2026-02-25 15:06:09,231 [INFO] New export detected: 321 characters, exported at 2026-02-25T22:02:06Z
2026-02-25 15:06:09,962 [INFO] HTTP Request: POST https://pullallthethings.com/api/guild-sync/addon-upload "HTTP/1.1 200 OK"
2026-02-25 15:06:09,963 [INFO] Upload successful: 321 characters processed
2026-02-25 15:06:12,080 [INFO] Shutting down...
2026-02-25 15:06:12,081 [INFO] Companion app stopped.
2026-02-25 15:06:13,557 [INFO] Watching: H:\World of Warcraft\_retail_\WTF\Account\SHADOWEDVACA2\SavedVariables
2026-02-25 15:06:13,558 [INFO] Target file: PATTSync.lua
2026-02-25 15:06:13,558 [INFO] API endpoint: https://pullallthethings.com/api
2026-02-25 15:06:13,558 [INFO] Found existing SavedVariables file, checking for unuploaded data...
2026-02-25 15:06:14,585 [INFO] New export detected: 321 characters, exported at 2026-02-25T22:02:06Z
2026-02-25 15:06:15,318 [INFO] HTTP Request: POST https://pullallthethings.com/api/guild-sync/addon-upload "HTTP/1.1 200 OK"
2026-02-25 15:06:15,319 [INFO] Upload successful: 321 characters processed
2026-02-25 15:06:17,031 [INFO] Shutting down...
2026-02-25 15:06:17,032 [INFO] Companion app stopped.
2026-02-25 15:06:18,342 [INFO] Watching: H:\World of Warcraft\_retail_\WTF\Account\SHADOWEDVACA2\SavedVariables
2026-02-25 15:06:18,342 [INFO] Target file: PATTSync.lua
2026-02-25 15:06:18,343 [INFO] API endpoint: https://pullallthethings.com/api
2026-02-25 15:06:18,343 [INFO] Found existing SavedVariables file, checking for unuploaded data...
2026-02-25 15:06:19,371 [INFO] New export detected: 321 characters, exported at 2026-02-25T22:02:06Z
2026-02-25 15:06:20,082 [INFO] HTTP Request: POST https://pullallthethings.com/api/guild-sync/addon-upload "HTTP/1.1 200 OK"
2026-02-25 15:06:20,082 [INFO] Upload successful: 321 characters processed
2026-02-25 15:06:21,704 [INFO] Shutting down...
2026-02-25 15:06:21,705 [INFO] Companion app stopped.
2026-02-25 15:06:23,410 [INFO] Watching: H:\World of Warcraft\_retail_\WTF\Account\SHADOWEDVACA2\SavedVariables
2026-02-25 15:06:23,411 [INFO] Target file: PATTSync.lua
2026-02-25 15:06:23,411 [INFO] API endpoint: https://pullallthethings.com/api
2026-02-25 15:06:23,411 [INFO] Found existing SavedVariables file, checking for unuploaded data...
2026-02-25 15:06:24,440 [INFO] New export detected: 321 characters, exported at 2026-02-25T22:02:06Z
2026-02-25 15:06:25,225 [INFO] HTTP Request: POST https://pullallthethings.com/api/guild-sync/addon-upload "HTTP/1.1 200 OK"
2026-02-25 15:06:25,226 [INFO] Upload successful: 321 characters processed
2026-02-25 15:07:08,557 [INFO] Shutting down...
2026-02-25 15:07:08,558 [INFO] Companion app stopped.
2026-02-25 15:09:23,876 [INFO] Watching: H:\World of Warcraft\_retail_\WTF\Account\SHADOWEDVACA2\SavedVariables
2026-02-25 15:09:23,877 [INFO] Target file: PATTSync.lua
2026-02-25 15:09:23,877 [INFO] API endpoint: https://pullallthethings.com/api
2026-02-25 15:09:23,877 [INFO] Found existing SavedVariables file, checking for unuploaded data...
2026-02-25 15:09:24,908 [INFO] New export detected: 321 characters, exported at 2026-02-25T22:02:06Z
2026-02-25 15:09:25,774 [INFO] HTTP Request: POST https://pullallthethings.com/api/guild-sync/addon-upload "HTTP/1.1 200 OK"
2026-02-25 15:09:25,775 [INFO] Upload successful: 321 characters processed
2026-02-25 15:09:25,776 [INFO] Archived to H:\World of Warcraft\_retail_\WTF\Account\SHADOWEDVACA2\SavedVariables\archive\PATTSync_20260225_150925.lua
2026-02-25 15:09:30,113 [INFO] Shutting down...
2026-02-25 15:09:30,114 [INFO] Companion app stopped.
2026-02-25 15:09:33,054 [INFO] Watching: H:\World of Warcraft\_retail_\WTF\Account\SHADOWEDVACA2\SavedVariables
2026-02-25 15:09:33,055 [INFO] Target file: PATTSync.lua
2026-02-25 15:09:33,055 [INFO] API endpoint: https://pullallthethings.com/api
2026-02-25 15:09:33,055 [INFO] No existing file found — waiting for first export from WoW addon
2026-02-25 15:12:04,095 [INFO] New export detected: 321 characters, exported at 2026-02-25T22:11:32Z
2026-02-25 15:12:04,867 [INFO] HTTP Request: POST https://pullallthethings.com/api/guild-sync/addon-upload "HTTP/1.1 200 OK"
2026-02-25 15:12:04,868 [INFO] Upload successful: 321 characters processed
2026-02-25 15:12:04,870 [INFO] Archived to H:\World of Warcraft\_retail_\WTF\Account\SHADOWEDVACA2\SavedVariables\archive\PATTSync_20260225_151204.lua
2026-02-25 16:12:36,823 [INFO] Detected modified on PATTSync.lua
2026-02-25 17:13:07,358 [INFO] Detected modified on PATTSync.lua
2026-02-25 18:13:37,688 [INFO] Detected modified on PATTSync.lua
2026-02-25 19:14:07,968 [INFO] Detected modified on PATTSync.lua
2026-02-25 20:14:38,257 [INFO] Detected modified on PATTSync.lua
2026-02-25 21:15:08,521 [INFO] Detected modified on PATTSync.lua
2026-02-25 22:15:38,862 [INFO] Detected modified on PATTSync.lua
2026-02-25 23:16:09,348 [INFO] Detected modified on PATTSync.lua
2026-02-26 00:16:39,785 [INFO] Detected modified on PATTSync.lua
2026-02-26 01:17:10,197 [INFO] Detected modified on PATTSync.lua
2026-02-26 02:17:40,576 [INFO] Detected modified on PATTSync.lua
2026-02-26 03:18:11,033 [INFO] Detected modified on PATTSync.lua
2026-02-26 04:18:41,354 [INFO] Detected modified on PATTSync.lua
2026-02-26 05:19:11,688 [INFO] Detected modified on PATTSync.lua
2026-02-26 06:19:42,002 [INFO] Detected modified on PATTSync.lua
2026-02-26 07:20:12,329 [INFO] Detected modified on PATTSync.lua
2026-02-26 08:20:42,664 [INFO] Detected modified on PATTSync.lua
2026-02-26 09:21:12,996 [INFO] Detected modified on PATTSync.lua
2026-02-26 10:21:43,337 [INFO] Detected modified on PATTSync.lua
2026-02-26 12:07:44,961 [INFO] Detected modified on PATTSync.lua
2026-02-26 13:01:32,484 [INFO] New export detected: 323 characters, exported at 2026-02-26T18:31:08Z
2026-02-26 13:01:33,325 [INFO] HTTP Request: POST https://pullallthethings.com/api/guild-sync/addon-upload "HTTP/1.1 200 OK"
2026-02-26 13:01:33,327 [INFO] Upload successful: 323 characters processed
2026-02-26 13:01:33,330 [INFO] Archived to H:\World of Warcraft\_retail_\WTF\Account\SHADOWEDVACA2\SavedVariables\archive\PATTSync_20260226_130133.lua
2026-02-26 14:09:03,853 [INFO] Detected modified on PATTSync.lua
2026-02-26 15:09:34,344 [INFO] Detected modified on PATTSync.lua
2026-02-26 16:59:13,334 [INFO] Detected modified on PATTSync.lua
2026-02-26 17:59:13,443 [INFO] Detected modified on PATTSync.lua
2026-02-26 18:59:13,501 [INFO] Detected modified on PATTSync.lua
2026-02-26 20:04:23,820 [INFO] Detected modified on PATTSync.lua
2026-02-26 20:09:03,142 [INFO] New export detected: 323 characters, exported at 2026-02-27T02:25:02Z
2026-02-26 20:09:03,915 [INFO] HTTP Request: POST https://pullallthethings.com/api/guild-sync/addon-upload "HTTP/1.1 200 OK"
2026-02-26 20:09:03,916 [INFO] Upload successful: 323 characters processed
2026-02-26 20:09:03,918 [INFO] Archived to H:\World of Warcraft\_retail_\WTF\Account\SHADOWEDVACA2\SavedVariables\archive\PATTSync_20260226_200903.lua
2026-02-26 20:31:33,456 [INFO] Detected modified on PATTSync.lua
2026-02-26 20:31:34,458 [WARNING] No lastExport data found in SavedVariables
2026-02-26 20:31:34,960 [WARNING] No lastExport data found in SavedVariables
2026-02-26 20:32:05,963 [WARNING] No lastExport data found in SavedVariables
2026-02-26 20:32:36,966 [WARNING] No lastExport data found in SavedVariables
2026-02-26 20:33:07,968 [WARNING] No lastExport data found in SavedVariables
2026-02-26 20:33:38,971 [WARNING] No lastExport data found in SavedVariables
2026-02-26 20:34:09,974 [WARNING] No lastExport data found in SavedVariables
2026-02-26 20:34:40,976 [WARNING] No lastExport data found in SavedVariables
2026-02-26 20:35:11,978 [WARNING] No lastExport data found in SavedVariables
2026-02-26 20:35:42,981 [WARNING] No lastExport data found in SavedVariables
2026-02-26 20:36:13,984 [WARNING] No lastExport data found in SavedVariables
2026-02-26 20:36:44,987 [WARNING] No lastExport data found in SavedVariables
2026-02-26 20:37:15,989 [WARNING] No lastExport data found in SavedVariables
2026-02-26 20:37:46,994 [WARNING] No lastExport data found in SavedVariables
2026-02-26 20:38:17,998 [WARNING] No lastExport data found in SavedVariables
2026-02-26 20:38:49,000 [WARNING] No lastExport data found in SavedVariables
2026-02-26 20:39:20,004 [WARNING] No lastExport data found in SavedVariables
2026-02-26 20:39:51,005 [WARNING] No lastExport data found in SavedVariables
2026-02-26 20:40:22,008 [WARNING] No lastExport data found in SavedVariables
2026-02-26 20:40:53,010 [WARNING] No lastExport data found in SavedVariables
2026-02-26 20:41:24,013 [WARNING] No lastExport data found in SavedVariables
2026-02-26 20:41:55,015 [WARNING] No lastExport data found in SavedVariables
2026-02-26 20:42:26,018 [WARNING] No lastExport data found in SavedVariables
2026-02-26 20:42:57,021 [WARNING] No lastExport data found in SavedVariables
2026-02-26 20:43:28,024 [WARNING] No lastExport data found in SavedVariables
2026-02-26 20:43:59,028 [WARNING] No lastExport data found in SavedVariables
2026-02-26 20:44:30,030 [WARNING] No lastExport data found in SavedVariables
2026-02-26 20:45:01,032 [WARNING] No lastExport data found in SavedVariables
2026-02-26 20:45:32,035 [WARNING] No lastExport data found in SavedVariables
2026-02-26 20:46:03,037 [WARNING] No lastExport data found in SavedVariables
2026-02-26 20:46:34,040 [WARNING] No lastExport data found in SavedVariables
2026-02-26 20:47:05,042 [WARNING] No lastExport data found in SavedVariables
2026-02-26 20:47:36,044 [WARNING] No lastExport data found in SavedVariables
2026-02-26 20:48:07,047 [WARNING] No lastExport data found in SavedVariables
2026-02-26 20:48:38,049 [WARNING] No lastExport data found in SavedVariables
2026-02-26 20:49:09,052 [WARNING] No lastExport data found in SavedVariables
2026-02-26 20:49:40,055 [WARNING] No lastExport data found in SavedVariables
2026-02-26 20:50:11,059 [WARNING] No lastExport data found in SavedVariables
2026-02-26 20:50:42,062 [WARNING] No lastExport data found in SavedVariables
2026-02-26 20:51:13,065 [WARNING] No lastExport data found in SavedVariables
2026-02-26 20:51:44,067 [WARNING] No lastExport data found in SavedVariables
2026-02-26 20:52:15,069 [WARNING] No lastExport data found in SavedVariables
2026-02-26 20:52:46,071 [WARNING] No lastExport data found in SavedVariables
2026-02-26 20:53:17,074 [WARNING] No lastExport data found in SavedVariables
2026-02-26 20:53:48,077 [WARNING] No lastExport data found in SavedVariables
2026-02-26 20:54:19,080 [WARNING] No lastExport data found in SavedVariables
2026-02-26 20:54:33,495 [INFO] Detected modified on PATTSync.lua
2026-02-26 20:54:34,497 [WARNING] No lastExport data found in SavedVariables
2026-02-26 20:54:50,083 [WARNING] No lastExport data found in SavedVariables
2026-02-26 20:55:21,086 [WARNING] No lastExport data found in SavedVariables
2026-02-26 20:55:52,088 [WARNING] No lastExport data found in SavedVariables
2026-02-26 20:56:23,091 [WARNING] No lastExport data found in SavedVariables
2026-02-26 20:56:54,094 [WARNING] No lastExport data found in SavedVariables
2026-02-26 20:57:25,097 [WARNING] No lastExport data found in SavedVariables
2026-02-26 20:57:56,099 [WARNING] No lastExport data found in SavedVariables
2026-02-26 20:58:27,101 [WARNING] No lastExport data found in SavedVariables
2026-02-26 20:58:58,103 [WARNING] No lastExport data found in SavedVariables
2026-02-26 20:59:29,106 [WARNING] No lastExport data found in SavedVariables
2026-02-26 21:00:00,108 [WARNING] No lastExport data found in SavedVariables
2026-02-26 21:00:31,110 [WARNING] No lastExport data found in SavedVariables
2026-02-26 21:01:02,113 [WARNING] No lastExport data found in SavedVariables
2026-02-26 21:01:33,115 [WARNING] No lastExport data found in SavedVariables
2026-02-26 21:02:04,119 [WARNING] No lastExport data found in SavedVariables
2026-02-26 21:02:35,122 [WARNING] No lastExport data found in SavedVariables
2026-02-26 21:03:06,123 [WARNING] No lastExport data found in SavedVariables
2026-02-26 21:03:37,126 [WARNING] No lastExport data found in SavedVariables
2026-02-26 21:04:08,130 [WARNING] No lastExport data found in SavedVariables
2026-02-26 21:04:39,132 [WARNING] No lastExport data found in SavedVariables
2026-02-26 21:05:10,135 [WARNING] No lastExport data found in SavedVariables
2026-02-26 21:05:41,137 [WARNING] No lastExport data found in SavedVariables
2026-02-26 21:06:12,140 [WARNING] No lastExport data found in SavedVariables
2026-02-26 21:06:43,146 [WARNING] No lastExport data found in SavedVariables
2026-02-26 21:07:14,147 [WARNING] No lastExport data found in SavedVariables
2026-02-26 21:07:45,150 [WARNING] No lastExport data found in SavedVariables
2026-02-26 21:08:16,152 [WARNING] No lastExport data found in SavedVariables
2026-02-26 21:08:47,154 [WARNING] No lastExport data found in SavedVariables
2026-02-26 21:09:18,157 [WARNING] No lastExport data found in SavedVariables
2026-02-26 21:09:49,159 [WARNING] No lastExport data found in SavedVariables
2026-02-26 21:10:20,164 [WARNING] No lastExport data found in SavedVariables
2026-02-26 21:10:51,167 [WARNING] No lastExport data found in SavedVariables
2026-02-26 21:11:22,170 [WARNING] No lastExport data found in SavedVariables
2026-02-26 21:11:53,173 [WARNING] No lastExport data found in SavedVariables
2026-02-26 21:12:24,175 [WARNING] No lastExport data found in SavedVariables
2026-02-26 21:12:55,178 [WARNING] No lastExport data found in SavedVariables
2026-02-26 21:13:26,180 [WARNING] No lastExport data found in SavedVariables
2026-02-26 21:13:57,183 [WARNING] No lastExport data found in SavedVariables
2026-02-26 21:14:28,186 [WARNING] No lastExport data found in SavedVariables
2026-02-26 21:14:59,189 [WARNING] No lastExport data found in SavedVariables
2026-02-26 21:15:30,191 [WARNING] No lastExport data found in SavedVariables
2026-02-26 21:16:01,194 [WARNING] No lastExport data found in SavedVariables
2026-02-26 21:16:32,197 [WARNING] No lastExport data found in SavedVariables
2026-02-26 21:17:03,199 [WARNING] No lastExport data found in SavedVariables
2026-02-26 21:17:34,202 [WARNING] No lastExport data found in SavedVariables
2026-02-26 21:18:05,205 [WARNING] No lastExport data found in SavedVariables
2026-02-26 21:18:36,209 [WARNING] No lastExport data found in SavedVariables
2026-02-26 21:19:07,212 [WARNING] No lastExport data found in SavedVariables
2026-02-26 21:19:38,214 [WARNING] No lastExport data found in SavedVariables
2026-02-26 21:20:09,217 [WARNING] No lastExport data found in SavedVariables
2026-02-26 21:20:40,219 [WARNING] No lastExport data found in SavedVariables
2026-02-26 21:21:11,222 [WARNING] No lastExport data found in SavedVariables
2026-02-26 21:21:42,224 [WARNING] No lastExport data found in SavedVariables
2026-02-26 21:22:13,226 [WARNING] No lastExport data found in SavedVariables
2026-02-26 21:22:44,229 [WARNING] No lastExport data found in SavedVariables
2026-02-26 21:23:15,238 [WARNING] No lastExport data found in SavedVariables
2026-02-26 21:23:46,240 [WARNING] No lastExport data found in SavedVariables
2026-02-26 21:24:17,244 [WARNING] No lastExport data found in SavedVariables
2026-02-26 21:24:48,246 [WARNING] No lastExport data found in SavedVariables
2026-02-26 21:25:19,248 [WARNING] No lastExport data found in SavedVariables
2026-02-26 21:25:50,250 [WARNING] No lastExport data found in SavedVariables
2026-02-26 21:26:21,253 [WARNING] No lastExport data found in SavedVariables
2026-02-26 21:26:52,256 [WARNING] No lastExport data found in SavedVariables
2026-02-26 21:27:23,259 [WARNING] No lastExport data found in SavedVariables
2026-02-26 21:27:54,262 [WARNING] No lastExport data found in SavedVariables
2026-02-26 21:28:25,265 [WARNING] No lastExport data found in SavedVariables
2026-02-26 21:28:56,267 [WARNING] No lastExport data found in SavedVariables
2026-02-26 21:29:27,269 [WARNING] No lastExport data found in SavedVariables
2026-02-26 21:29:58,272 [WARNING] No lastExport data found in SavedVariables
2026-02-26 21:30:29,275 [WARNING] No lastExport data found in SavedVariables
2026-02-26 21:31:00,278 [WARNING] No lastExport data found in SavedVariables
2026-02-26 21:31:31,280 [WARNING] No lastExport data found in SavedVariables
2026-02-26 21:32:02,282 [WARNING] No lastExport data found in SavedVariables
2026-02-26 21:32:33,284 [WARNING] No lastExport data found in SavedVariables
2026-02-26 21:33:04,287 [WARNING] No lastExport data found in SavedVariables
2026-02-26 21:33:35,289 [WARNING] No lastExport data found in SavedVariables
2026-02-26 21:34:06,292 [WARNING] No lastExport data found in SavedVariables
2026-02-26 21:34:37,295 [WARNING] No lastExport data found in SavedVariables
2026-02-26 21:35:08,297 [WARNING] No lastExport data found in SavedVariables
2026-02-26 21:35:39,301 [WARNING] No lastExport data found in SavedVariables
2026-02-26 21:36:10,304 [WARNING] No lastExport data found in SavedVariables
2026-02-26 21:36:41,306 [WARNING] No lastExport data found in SavedVariables
2026-02-26 21:37:12,309 [WARNING] No lastExport data found in SavedVariables
2026-02-26 21:37:43,311 [WARNING] No lastExport data found in SavedVariables
2026-02-26 21:38:14,313 [WARNING] No lastExport data found in SavedVariables
2026-02-26 21:38:45,316 [WARNING] No lastExport data found in SavedVariables
2026-02-26 21:39:16,319 [WARNING] No lastExport data found in SavedVariables
2026-02-26 21:39:47,323 [WARNING] No lastExport data found in SavedVariables
2026-02-26 21:40:18,325 [WARNING] No lastExport data found in SavedVariables
2026-02-26 21:40:49,328 [WARNING] No lastExport data found in SavedVariables
2026-02-26 21:41:20,333 [WARNING] No lastExport data found in SavedVariables
2026-02-26 21:41:51,335 [WARNING] No lastExport data found in SavedVariables
2026-02-26 21:42:22,337 [WARNING] No lastExport data found in SavedVariables
2026-02-26 21:42:53,340 [WARNING] No lastExport data found in SavedVariables
2026-02-26 21:43:24,342 [WARNING] No lastExport data found in SavedVariables
2026-02-26 21:43:55,345 [WARNING] No lastExport data found in SavedVariables
2026-02-26 21:44:26,347 [WARNING] No lastExport data found in SavedVariables
2026-02-26 21:44:57,349 [WARNING] No lastExport data found in SavedVariables
2026-02-26 21:45:28,351 [WARNING] No lastExport data found in SavedVariables
2026-02-26 21:45:59,353 [WARNING] No lastExport data found in SavedVariables
2026-02-26 21:46:30,356 [WARNING] No lastExport data found in SavedVariables
2026-02-26 21:47:01,358 [WARNING] No lastExport data found in SavedVariables
2026-02-26 21:47:32,361 [WARNING] No lastExport data found in SavedVariables
2026-02-26 21:48:03,363 [WARNING] No lastExport data found in SavedVariables
2026-02-26 21:48:34,365 [WARNING] No lastExport data found in SavedVariables
2026-02-26 21:49:05,367 [WARNING] No lastExport data found in SavedVariables
2026-02-26 21:49:36,370 [WARNING] No lastExport data found in SavedVariables
2026-02-26 21:50:07,372 [WARNING] No lastExport data found in SavedVariables
2026-02-26 21:50:38,374 [WARNING] No lastExport data found in SavedVariables
2026-02-26 21:51:09,377 [WARNING] No lastExport data found in SavedVariables
2026-02-26 21:51:40,379 [WARNING] No lastExport data found in SavedVariables
2026-02-26 21:52:11,382 [WARNING] No lastExport data found in SavedVariables
2026-02-26 21:52:42,384 [WARNING] No lastExport data found in SavedVariables
2026-02-26 21:53:13,387 [WARNING] No lastExport data found in SavedVariables
2026-02-26 21:53:44,390 [WARNING] No lastExport data found in SavedVariables
2026-02-26 21:54:15,393 [WARNING] No lastExport data found in SavedVariables
2026-02-26 21:54:46,395 [WARNING] No lastExport data found in SavedVariables
2026-02-26 21:54:46,396 [INFO] Detected modified on PATTSync.lua
2026-02-26 21:54:47,397 [WARNING] No lastExport data found in SavedVariables
2026-02-26 21:55:17,398 [WARNING] No lastExport data found in SavedVariables
2026-02-26 21:55:48,400 [WARNING] No lastExport data found in SavedVariables
2026-02-26 21:56:19,403 [WARNING] No lastExport data found in SavedVariables
2026-02-26 21:56:50,406 [WARNING] No lastExport data found in SavedVariables
2026-02-26 21:57:21,408 [WARNING] No lastExport data found in SavedVariables
2026-02-26 21:57:52,410 [WARNING] No lastExport data found in SavedVariables
2026-02-26 21:58:23,413 [WARNING] No lastExport data found in SavedVariables
2026-02-26 21:58:54,416 [WARNING] No lastExport data found in SavedVariables
2026-02-26 21:59:25,418 [WARNING] No lastExport data found in SavedVariables
2026-02-26 21:59:56,420 [WARNING] No lastExport data found in SavedVariables
2026-02-26 22:00:27,423 [WARNING] No lastExport data found in SavedVariables
2026-02-26 22:00:58,425 [WARNING] No lastExport data found in SavedVariables
2026-02-26 22:01:29,428 [WARNING] No lastExport data found in SavedVariables
2026-02-26 22:02:00,430 [WARNING] No lastExport data found in SavedVariables
2026-02-26 22:02:31,431 [WARNING] No lastExport data found in SavedVariables
2026-02-26 22:03:02,434 [WARNING] No lastExport data found in SavedVariables
2026-02-26 22:03:33,436 [WARNING] No lastExport data found in SavedVariables
2026-02-26 22:04:04,439 [WARNING] No lastExport data found in SavedVariables
2026-02-26 22:04:35,441 [WARNING] No lastExport data found in SavedVariables
2026-02-26 22:05:06,445 [WARNING] No lastExport data found in SavedVariables
2026-02-26 22:05:37,448 [WARNING] No lastExport data found in SavedVariables
2026-02-26 22:06:08,451 [WARNING] No lastExport data found in SavedVariables
2026-02-26 22:06:39,453 [WARNING] No lastExport data found in SavedVariables
2026-02-26 22:07:10,455 [WARNING] No lastExport data found in SavedVariables
2026-02-26 22:07:41,457 [WARNING] No lastExport data found in SavedVariables
2026-02-26 22:08:12,459 [WARNING] No lastExport data found in SavedVariables
2026-02-26 22:08:43,462 [WARNING] No lastExport data found in SavedVariables
2026-02-26 22:09:14,493 [INFO] New export detected: 323 characters, exported at 2026-02-27T05:06:18Z
2026-02-26 22:09:15,227 [INFO] HTTP Request: POST https://pullallthethings.com/api/guild-sync/addon-upload "HTTP/1.1 200 OK"
2026-02-26 22:09:15,229 [INFO] Upload successful: 323 characters processed
2026-02-26 22:09:15,231 [INFO] Archived to H:\World of Warcraft\_retail_\WTF\Account\SHADOWEDVACA2\SavedVariables\archive\PATTSync_20260226_220915.lua
